2020-08-03 18:34:43.186 | INFO     | common.base_api:__init__:16 - 正在连接数据库,数据库地址=localhost,用户名=root,数据库密码=root,数据库名称=testbase
2020-08-03 18:34:43.200 | SUCCESS  | common.base_api:__init__:27 - 连接数据库成功
2020-08-03 18:34:43.204 | SUCCESS  | common.base_api:select_all:61 - 执行查询SQL语句:select * from testcase_cjxm
2020-08-03 18:34:43.205 | SUCCESS  | common.base_api:select_all:66 - 数据库返回查询数据:[{'case_id': 1, 'case_num': 'test_CJXM_001', 'title': '注册接口', 'url': '/api/user/user_reg', 'method': 'POST', 'body': "{'username':'abctest','pwd':'Aa123456','cpwd':'Aa123456'}", 'headers': None, 'assert': "{'error_code':0},{'error_code':3005}", 'status': '200', 'token': None}, {'case_id': 2, 'case_num': 'test_CJXM_002', 'title': '登录', 'url': '/api/user/login', 'method': 'POST', 'body': "{ 'username': 'mytest','passwd': 'Abc123'}", 'headers': None, 'assert': "{'error_code':0}", 'status': '200', 'token': None}, {'case_id': 3, 'case_num': 'test_CJXM_003', 'title': '添加奖品(需上传文件)', 'url': '/api/product/add', 'method': 'POST', 'body': "{'name': '奖品名字2020', 'sign': 'b44109efbfe1007c1ad93a757d78e459', 'userid': '78926'}", 'headers': None, 'assert': "{'msg':'必须是管理员才可以添加奖品'}", 'status': '200', 'token': None}, {'case_id': 4, 'case_num': 'test_CJXM_004', 'title': '抽奖接口', 'url': '/api/product/choice', 'method': 'GET', 'body': "{'sign': 'b44109efbfe1007c1ad93a757d78e459', 'userid': '78926'}", 'headers': None, 'assert': "{'error_code':0},{'error_code':1099}", 'status': '200', 'token': None}, {'case_id': 5, 'case_num': 'test_CJXM_005', 'title': '查看中奖记录', 'url': '/api/user/win_record', 'method': 'GET', 'body': "{'sign': 'b44109efbfe1007c1ad93a757d78e459', 'userid': '78926'}", 'headers': None, 'assert': "{'error_code':0}", 'status': '200', 'token': None}, {'case_id': 6, 'case_num': 'test_CJXM_006', 'title': '获取所有奖品信息', 'url': '/api/product/all', 'method': 'GET', 'body': None, 'headers': None, 'assert': "{'error_code':0}", 'status': '200', 'token': None}]
2020-08-03 18:34:43.209 | SUCCESS  | common.base_api:close_base:36 - 关闭数据库成功
2020-08-03 18:34:43.213 | INFO     | common.base_api:__init__:16 - 正在连接数据库,数据库地址=localhost,用户名=root,数据库密码=root,数据库名称=testbase
2020-08-03 18:34:43.232 | SUCCESS  | common.base_api:__init__:27 - 连接数据库成功
2020-08-03 18:34:43.237 | SUCCESS  | common.base_api:select_all:61 - 执行查询SQL语句:select * from testcase_ndxs
2020-08-03 18:34:43.239 | SUCCESS  | common.base_api:select_all:66 - 数据库返回查询数据:[{'case_id': 1, 'case_num': 'test_NDXS_001', 'title': '获取学生信息', 'url': '/api/user/stu_info', 'method': 'GET', 'body': "{'stu_name':'小草'}", 'headers': None, 'assert': "{'error_code':0}", 'status': None, 'token': None}, {'case_id': 2, 'case_num': 'test_NDXS_002', 'title': '登录', 'url': '/api/user/login', 'method': 'POST', 'body': "{'username':'mytest','passwd':'Abc123'}", 'headers': None, 'assert': "{'error_code':0}", 'status': None, 'token': None}, {'case_id': 3, 'case_num': 'test_NDXS_003', 'title': '添加学生信息', 'url': '/api/user/add_stu', 'method': 'POST', 'body': "{'name': 'mytest', 'grade': '计算机2020班', 'phone': '13512341234'}", 'headers': None, 'assert': "{'msg':'手机号已经存在'}", 'status': None, 'token': ''}, {'case_id': 4, 'case_num': 'test_NDXS_004', 'title': '学生金币充值', 'url': '/api/user/gold_add', 'method': 'POST', 'body': "{'stu_id':'100002630','gold': 1}", 'headers': None, 'assert': "{'msg':'请登陆'}", 'status': None, 'token': 'b44109efbfe1007c1ad93a757d78e459'}, {'case_id': 5, 'case_num': 'test_NDXS_005', 'title': '获取所有学生信息', 'url': '/api/user/all_stu', 'method': 'GET', 'body': None, 'headers': "{'Referer':'http://api.nnzhp.cn/'}", 'assert': None, 'status': None, 'token': None}, {'case_id': 6, 'case_num': 'test_NDXS_006', 'title': '文件上传', 'url': '/api/file/file_upload', 'method': 'POST', 'body': None, 'headers': None, 'assert': "{'msg':'操作成功'}", 'status': None, 'token': None}]
2020-08-03 18:34:43.242 | SUCCESS  | common.base_api:close_base:36 - 关闭数据库成功
2020-08-03 18:34:43.249 | INFO     | common.requests_api:auto_request:29 - 开始请求接口:http://api.nnzhp.cn/api/user/login
2020-08-03 18:34:43.361 | SUCCESS  | common.requests_api:auto_request:35 - 接口请求成功，等待返回数据。请求URL:http://api.nnzhp.cn/api/user/login
2020-08-03 18:34:43.365 | SUCCESS  | common.requests_api:auto_request:47 - 接口请求执行成功，返回数据成功
2020-08-03 18:34:43.367 | INFO     | common.requests_api:auto_request:51 - 接口执行完毕
2020-08-03 18:34:43.368 | INFO     | common.requests_api:auto_request:29 - 开始请求接口:http://api.nnzhp.cn/api/product/choice
2020-08-03 18:34:43.455 | SUCCESS  | common.requests_api:auto_request:32 - 接口请求成功，等待返回数据。请求URL:http://api.nnzhp.cn/api/product/choice?sign=deec29c45fb60539aced2af645701045&userid=78926
2020-08-03 18:34:43.458 | SUCCESS  | common.requests_api:auto_request:43 - 接口请求执行成功，返回数据成功
2020-08-03 18:34:43.462 | INFO     | common.requests_api:auto_request:51 - 接口执行完毕
2020-08-03 18:34:43.467 | INFO     | common.requests_api:auto_request:29 - 开始请求接口:http://api.nnzhp.cn/api/user/login
2020-08-03 18:34:43.541 | SUCCESS  | common.requests_api:auto_request:35 - 接口请求成功，等待返回数据。请求URL:http://api.nnzhp.cn/api/user/login
2020-08-03 18:34:43.544 | SUCCESS  | common.requests_api:auto_request:47 - 接口请求执行成功，返回数据成功
2020-08-03 18:34:43.547 | INFO     | common.requests_api:auto_request:51 - 接口执行完毕
2020-08-03 18:34:43.549 | INFO     | common.requests_api:auto_request:29 - 开始请求接口:http://api.nnzhp.cn/api/user/win_record
2020-08-03 18:34:43.643 | SUCCESS  | common.requests_api:auto_request:32 - 接口请求成功，等待返回数据。请求URL:http://api.nnzhp.cn/api/user/win_record?sign=deec29c45fb60539aced2af645701045&userid=78926
2020-08-03 18:34:43.647 | SUCCESS  | common.requests_api:auto_request:43 - 接口请求执行成功，返回数据成功
2020-08-03 18:34:43.650 | INFO     | common.requests_api:auto_request:51 - 接口执行完毕
2020-08-03 18:34:43.652 | INFO     | common.requests_api:auto_request:29 - 开始请求接口:http://api.nnzhp.cn/api/user/login
2020-08-03 18:34:43.739 | SUCCESS  | common.requests_api:auto_request:35 - 接口请求成功，等待返回数据。请求URL:http://api.nnzhp.cn/api/user/login
2020-08-03 18:34:43.741 | SUCCESS  | common.requests_api:auto_request:47 - 接口请求执行成功，返回数据成功
2020-08-03 18:34:43.743 | INFO     | common.requests_api:auto_request:51 - 接口执行完毕
2020-08-03 18:34:43.744 | INFO     | common.requests_api:auto_request:29 - 开始请求接口:http://api.nnzhp.cn/api/product/all
2020-08-03 18:34:45.666 | SUCCESS  | common.requests_api:auto_request:32 - 接口请求成功，等待返回数据。请求URL:http://api.nnzhp.cn/api/product/all
2020-08-03 18:34:45.669 | SUCCESS  | common.requests_api:auto_request:43 - 接口请求执行成功，返回数据成功
2020-08-03 18:34:46.979 | INFO     | common.requests_api:auto_request:51 - 接口执行完毕
2020-08-03 18:34:47.007 | INFO     | common.requests_api:auto_request:29 - 开始请求接口:http://api.nnzhp.cn/api/product/add
2020-08-03 18:34:47.218 | SUCCESS  | common.requests_api:auto_request:35 - 接口请求成功，等待返回数据。请求URL:http://api.nnzhp.cn/api/product/add
2020-08-03 18:34:47.222 | SUCCESS  | common.requests_api:auto_request:47 - 接口请求执行成功，返回数据成功
2020-08-03 18:34:47.224 | INFO     | common.requests_api:auto_request:51 - 接口执行完毕
2020-08-03 18:34:47.226 | INFO     | common.requests_api:auto_request:29 - 开始请求接口:http://api.nnzhp.cn/api/user/user_reg
2020-08-03 18:34:47.317 | SUCCESS  | common.requests_api:auto_request:35 - 接口请求成功，等待返回数据。请求URL:http://api.nnzhp.cn/api/user/user_reg
2020-08-03 18:34:47.321 | SUCCESS  | common.requests_api:auto_request:47 - 接口请求执行成功，返回数据成功
2020-08-03 18:34:47.323 | INFO     | common.requests_api:auto_request:51 - 接口执行完毕
2020-08-03 18:34:47.349 | INFO     | common.requests_api:auto_request:29 - 开始请求接口:http://api.nnzhp.cn/api/user/login
2020-08-03 18:34:47.433 | SUCCESS  | common.requests_api:auto_request:35 - 接口请求成功，等待返回数据。请求URL:http://api.nnzhp.cn/api/user/login
2020-08-03 18:34:47.437 | SUCCESS  | common.requests_api:auto_request:47 - 接口请求执行成功，返回数据成功
2020-08-03 18:34:47.439 | INFO     | common.requests_api:auto_request:51 - 接口执行完毕
2020-08-03 18:34:47.440 | INFO     | common.requests_api:auto_request:29 - 开始请求接口:http://api.nnzhp.cn/api/product/choice
2020-08-03 18:34:47.525 | SUCCESS  | common.requests_api:auto_request:32 - 接口请求成功，等待返回数据。请求URL:http://api.nnzhp.cn/api/product/choice?sign=deec29c45fb60539aced2af645701045&userid=78926
2020-08-03 18:34:47.528 | SUCCESS  | common.requests_api:auto_request:43 - 接口请求执行成功，返回数据成功
2020-08-03 18:34:47.533 | INFO     | common.requests_api:auto_request:51 - 接口执行完毕
2020-08-03 18:34:47.537 | INFO     | common.requests_api:auto_request:29 - 开始请求接口:http://api.nnzhp.cn/api/user/login
2020-08-03 18:34:47.630 | SUCCESS  | common.requests_api:auto_request:35 - 接口请求成功，等待返回数据。请求URL:http://api.nnzhp.cn/api/user/login
2020-08-03 18:34:47.634 | SUCCESS  | common.requests_api:auto_request:47 - 接口请求执行成功，返回数据成功
2020-08-03 18:34:47.637 | INFO     | common.requests_api:auto_request:51 - 接口执行完毕
2020-08-03 18:34:47.639 | INFO     | common.requests_api:auto_request:29 - 开始请求接口:http://api.nnzhp.cn/api/user/win_record
2020-08-03 18:34:47.731 | SUCCESS  | common.requests_api:auto_request:32 - 接口请求成功，等待返回数据。请求URL:http://api.nnzhp.cn/api/user/win_record?sign=deec29c45fb60539aced2af645701045&userid=78926
2020-08-03 18:34:47.734 | SUCCESS  | common.requests_api:auto_request:43 - 接口请求执行成功，返回数据成功
2020-08-03 18:34:47.736 | INFO     | common.requests_api:auto_request:51 - 接口执行完毕
2020-08-03 18:34:47.738 | INFO     | common.requests_api:auto_request:29 - 开始请求接口:http://api.nnzhp.cn/api/user/login
2020-08-03 18:34:47.830 | SUCCESS  | common.requests_api:auto_request:35 - 接口请求成功，等待返回数据。请求URL:http://api.nnzhp.cn/api/user/login
2020-08-03 18:34:47.833 | SUCCESS  | common.requests_api:auto_request:47 - 接口请求执行成功，返回数据成功
2020-08-03 18:34:47.835 | INFO     | common.requests_api:auto_request:51 - 接口执行完毕
2020-08-03 18:34:47.837 | INFO     | common.requests_api:auto_request:29 - 开始请求接口:http://api.nnzhp.cn/api/product/all
2020-08-03 18:34:49.819 | SUCCESS  | common.requests_api:auto_request:32 - 接口请求成功，等待返回数据。请求URL:http://api.nnzhp.cn/api/product/all
2020-08-03 18:34:49.823 | SUCCESS  | common.requests_api:auto_request:43 - 接口请求执行成功，返回数据成功
2020-08-03 18:34:51.316 | INFO     | common.requests_api:auto_request:51 - 接口执行完毕
2020-08-03 18:34:51.345 | INFO     | common.requests_api:auto_request:29 - 开始请求接口:http://api.nnzhp.cn/api/product/add
2020-08-03 18:34:51.678 | SUCCESS  | common.requests_api:auto_request:35 - 接口请求成功，等待返回数据。请求URL:http://api.nnzhp.cn/api/product/add
2020-08-03 18:34:51.682 | SUCCESS  | common.requests_api:auto_request:47 - 接口请求执行成功，返回数据成功
2020-08-03 18:34:51.685 | INFO     | common.requests_api:auto_request:51 - 接口执行完毕
2020-08-03 18:34:51.687 | INFO     | common.requests_api:auto_request:29 - 开始请求接口:http://api.nnzhp.cn/api/user/user_reg
2020-08-03 18:34:51.790 | SUCCESS  | common.requests_api:auto_request:35 - 接口请求成功，等待返回数据。请求URL:http://api.nnzhp.cn/api/user/user_reg
2020-08-03 18:34:51.794 | SUCCESS  | common.requests_api:auto_request:47 - 接口请求执行成功，返回数据成功
2020-08-03 18:34:51.796 | INFO     | common.requests_api:auto_request:51 - 接口执行完毕
2020-08-03 18:34:51.804 | INFO     | common.requests_api:auto_request:29 - 开始请求接口:http://api.nnzhp.cn/api/user/login
2020-08-03 18:34:51.898 | SUCCESS  | common.requests_api:auto_request:35 - 接口请求成功，等待返回数据。请求URL:http://api.nnzhp.cn/api/user/login
2020-08-03 18:34:51.904 | SUCCESS  | common.requests_api:auto_request:47 - 接口请求执行成功，返回数据成功
2020-08-03 18:34:51.906 | INFO     | common.requests_api:auto_request:51 - 接口执行完毕
2020-08-03 18:34:51.908 | INFO     | common.requests_api:auto_request:29 - 开始请求接口:http://api.nnzhp.cn/api/product/choice
2020-08-03 18:34:52.002 | SUCCESS  | common.requests_api:auto_request:32 - 接口请求成功，等待返回数据。请求URL:http://api.nnzhp.cn/api/product/choice?sign=deec29c45fb60539aced2af645701045&userid=78926
2020-08-03 18:34:52.005 | SUCCESS  | common.requests_api:auto_request:43 - 接口请求执行成功，返回数据成功
2020-08-03 18:34:52.009 | INFO     | common.requests_api:auto_request:51 - 接口执行完毕
2020-08-03 18:34:52.012 | INFO     | common.requests_api:auto_request:29 - 开始请求接口:http://api.nnzhp.cn/api/user/login
2020-08-03 18:34:52.094 | SUCCESS  | common.requests_api:auto_request:35 - 接口请求成功，等待返回数据。请求URL:http://api.nnzhp.cn/api/user/login
2020-08-03 18:34:52.096 | SUCCESS  | common.requests_api:auto_request:47 - 接口请求执行成功，返回数据成功
2020-08-03 18:34:52.099 | INFO     | common.requests_api:auto_request:51 - 接口执行完毕
2020-08-03 18:34:52.102 | INFO     | common.requests_api:auto_request:29 - 开始请求接口:http://api.nnzhp.cn/api/user/win_record
2020-08-03 18:34:52.206 | SUCCESS  | common.requests_api:auto_request:32 - 接口请求成功，等待返回数据。请求URL:http://api.nnzhp.cn/api/user/win_record?sign=deec29c45fb60539aced2af645701045&userid=78926
2020-08-03 18:34:52.209 | SUCCESS  | common.requests_api:auto_request:43 - 接口请求执行成功，返回数据成功
2020-08-03 18:34:52.212 | INFO     | common.requests_api:auto_request:51 - 接口执行完毕
2020-08-03 18:34:52.215 | INFO     | common.requests_api:auto_request:29 - 开始请求接口:http://api.nnzhp.cn/api/user/login
2020-08-03 18:34:52.303 | SUCCESS  | common.requests_api:auto_request:35 - 接口请求成功，等待返回数据。请求URL:http://api.nnzhp.cn/api/user/login
2020-08-03 18:34:52.306 | SUCCESS  | common.requests_api:auto_request:47 - 接口请求执行成功，返回数据成功
2020-08-03 18:34:52.309 | INFO     | common.requests_api:auto_request:51 - 接口执行完毕
2020-08-03 18:34:52.311 | INFO     | common.requests_api:auto_request:29 - 开始请求接口:http://api.nnzhp.cn/api/product/all
2020-08-03 18:34:54.186 | SUCCESS  | common.requests_api:auto_request:32 - 接口请求成功，等待返回数据。请求URL:http://api.nnzhp.cn/api/product/all
2020-08-03 18:34:54.189 | SUCCESS  | common.requests_api:auto_request:43 - 接口请求执行成功，返回数据成功
2020-08-03 18:34:55.561 | INFO     | common.requests_api:auto_request:51 - 接口执行完毕
2020-08-03 18:34:55.591 | INFO     | common.requests_api:auto_request:29 - 开始请求接口:http://api.nnzhp.cn/api/product/add
2020-08-03 18:34:55.842 | SUCCESS  | common.requests_api:auto_request:35 - 接口请求成功，等待返回数据。请求URL:http://api.nnzhp.cn/api/product/add
2020-08-03 18:34:55.846 | SUCCESS  | common.requests_api:auto_request:47 - 接口请求执行成功，返回数据成功
2020-08-03 18:34:55.848 | INFO     | common.requests_api:auto_request:51 - 接口执行完毕
2020-08-03 18:34:55.850 | INFO     | common.requests_api:auto_request:29 - 开始请求接口:http://api.nnzhp.cn/api/user/user_reg
2020-08-03 18:34:55.944 | SUCCESS  | common.requests_api:auto_request:35 - 接口请求成功，等待返回数据。请求URL:http://api.nnzhp.cn/api/user/user_reg
2020-08-03 18:34:55.949 | SUCCESS  | common.requests_api:auto_request:47 - 接口请求执行成功，返回数据成功
2020-08-03 18:34:55.951 | INFO     | common.requests_api:auto_request:51 - 接口执行完毕
